<?xml version="1.0" encoding="UTF-8"?>
<!-- Generated by org.testng.reporters.JUnitXMLReporter -->
<testsuite ignored="0" hostname="MSI" failures="0" tests="1" name="Test" time="0.096" errors="0" timestamp="2026-07-15T11:52:27 IST">
  <testcase classname="Navigation.Commands.BrowserNavigationTest" name="@BeforeMethod setup" time="-1.784096547655E9">
    <failure type="org.testng.TestNGException" message="
Parameter &amp;apos;browser&amp;apos; is required by BeforeMethod on method setup but has not been marked @Optional or defined
in D:\Silinium_Automation_Testing\NavigationCommands\testng.xml">
      <![CDATA[org.testng.TestNGException: 
Parameter 'browser' is required by BeforeMethod on method setup but has not been marked @Optional or defined
in D:\Silinium_Automation_Testing\NavigationCommands\testng.xml
at java.base/java.util.ArrayList.forEach(ArrayList.java:1596)
... Removed 28 stack frames]]>
    </failure>
  </testcase> <!-- @BeforeMethod setup -->
  <testcase classname="Navigation.Commands.BrowserNavigationTest" name="@AfterMethod tearDown" time="0.0">
    <skipped/>
  </testcase> <!-- @AfterMethod tearDown -->
  <testcase classname="Navigation.Commands.BrowserNavigationTest" name="navigateTest" time="0.0">
    <skipped/>
  </testcase> <!-- navigateTest -->
</testsuite> <!-- Test -->
