<?xml version="1.0" encoding="UTF-8"?>
<testng-results ignored="0" total="1" passed="1" failed="0" skipped="0">
  <reporter-output>
  </reporter-output>
  <suite started-at="2026-07-16T23:26:53 IST" name="Default suite" finished-at="2026-07-16T23:27:12 IST" duration-ms="18945">
    <groups>
    </groups>
    <test started-at="2026-07-16T23:26:53 IST" name="Default test" finished-at="2026-07-16T23:27:12 IST" duration-ms="18945">
      <class name="LoactorsDemo.IDNameXpath">
        <test-method signature="IDLovator()[pri:0, instance:LoactorsDemo.IDNameXpath@5c6648b0]" started-at="2026-07-16T23:26:53 IST" name="IDLovator" finished-at="2026-07-16T23:27:12 IST" duration-ms="18791" status="PASS">
          <reporter-output>
          </reporter-output>
        </test-method> <!-- IDLovator -->
      </class> <!-- LoactorsDemo.IDNameXpath -->
    </test> <!-- Default test -->
  </suite> <!-- Default suite -->
</testng-results>
