<?xml version="1.0" encoding="UTF-8"?>
<testng-results ignored="0" total="3" passed="3" failed="0" skipped="0">
  <reporter-output>
  </reporter-output>
  <suite started-at="2026-07-20T22:35:53 IST" name="Default suite" finished-at="2026-07-20T22:36:23 IST" duration-ms="30475">
    <groups>
    </groups>
    <test started-at="2026-07-20T22:35:53 IST" name="Default test" finished-at="2026-07-20T22:36:23 IST" duration-ms="30475">
      <class name="com.JenkinsCICDTest.CICIDTesting">
        <test-method signature="NavigateDemo()[pri:0, instance:com.JenkinsCICDTest.CICIDTesting@57db2b13]" started-at="2026-07-20T22:35:53 IST" name="NavigateDemo" finished-at="2026-07-20T22:36:02 IST" duration-ms="8794" status="PASS">
          <reporter-output>
          </reporter-output>
        </test-method> <!-- NavigateDemo -->
        <test-method signature="NavigateBackDemo()[pri:1, instance:com.JenkinsCICDTest.CICIDTesting@57db2b13]" started-at="2026-07-20T22:36:02 IST" name="NavigateBackDemo" finished-at="2026-07-20T22:36:18 IST" duration-ms="16250" status="PASS">
          <reporter-output>
          </reporter-output>
        </test-method> <!-- NavigateBackDemo -->
        <test-method signature="RefreshMethod()[pri:2, instance:com.JenkinsCICDTest.CICIDTesting@57db2b13]" started-at="2026-07-20T22:36:18 IST" name="RefreshMethod" finished-at="2026-07-20T22:36:23 IST" duration-ms="5073" status="PASS">
          <reporter-output>
          </reporter-output>
        </test-method> <!-- RefreshMethod -->
      </class> <!-- com.JenkinsCICDTest.CICIDTesting -->
    </test> <!-- Default test -->
  </suite> <!-- Default suite -->
</testng-results>
