<?xml version="1.0" encoding="UTF-8"?>
<!-- Generated by org.testng.reporters.JUnitReportReporter -->
<testsuite hostname="MSI" failures="0" tests="3" name="com.JenkinsCICDTest.CICIDTesting" time="30.117" errors="0" timestamp="2026-07-20T22:36:24 IST" skipped="0">
  <testcase classname="com.JenkinsCICDTest.CICIDTesting" name="NavigateDemo" time="8.794"/>
  <testcase classname="com.JenkinsCICDTest.CICIDTesting" name="NavigateBackDemo" time="16.250"/>
  <testcase classname="com.JenkinsCICDTest.CICIDTesting" name="RefreshMethod" time="5.073"/>
</testsuite> <!-- com.JenkinsCICDTest.CICIDTesting -->
