<?xml version="1.0" encoding="UTF-8"?>
<testng-results ignored="0" total="1" passed="1" failed="0" skipped="0">
  <reporter-output>
  </reporter-output>
  <suite started-at="2026-07-17T15:14:55 IST" name="Default suite" finished-at="2026-07-17T15:15:24 IST" duration-ms="28903">
    <groups>
    </groups>
    <test started-at="2026-07-17T15:14:55 IST" name="Default test" finished-at="2026-07-17T15:15:24 IST" duration-ms="28903">
      <class name="ListBoxItems.ListBox">
        <test-method is-config="true" signature="setup()[pri:0, instance:ListBoxItems.ListBox@43bc63a3]" started-at="2026-07-17T15:14:55 IST" name="setup" finished-at="2026-07-17T15:15:17 IST" duration-ms="22811" status="PASS">
          <reporter-output>
          </reporter-output>
        </test-method> <!-- setup -->
        <test-method signature="dropDownList()[pri:0, instance:ListBoxItems.ListBox@43bc63a3]" started-at="2026-07-17T15:15:18 IST" name="dropDownList" finished-at="2026-07-17T15:15:24 IST" duration-ms="6012" status="PASS">
          <reporter-output>
          </reporter-output>
        </test-method> <!-- dropDownList -->
      </class> <!-- ListBoxItems.ListBox -->
    </test> <!-- Default test -->
  </suite> <!-- Default suite -->
</testng-results>
