<?xml version="1.0" encoding="UTF-8"?>
<!-- Generated by org.testng.reporters.JUnitReportReporter -->
<testsuite hostname="MSI" failures="0" tests="3" name="WebDriver.Commands.BrowserCommands" time="39.200" errors="0" timestamp="2026-07-15T10:53:21 IST" skipped="0">
  <testcase classname="WebDriver.Commands.BrowserCommands" name="ChromeBrowserTest" time="16.593"/>
  <testcase classname="WebDriver.Commands.BrowserCommands" name="EdgeBrowserTest" time="5.857"/>
  <testcase classname="WebDriver.Commands.BrowserCommands" name="FirefoxBrowserTest" time="16.750"/>
</testsuite> <!-- WebDriver.Commands.BrowserCommands -->
