<?xml version="1.0" encoding="UTF-8"?>
<!-- Generated by org.testng.reporters.JUnitXMLReporter -->
<testsuite ignored="0" hostname="MSI" failures="0" tests="3" name="Default test" time="30.475" errors="0" timestamp="2026-07-20T22:36:23 IST">
  <testcase classname="com.JenkinsCICDTest.CICIDTesting" name="NavigateDemo" time="8.794"/>
  <testcase classname="com.JenkinsCICDTest.CICIDTesting" name="NavigateBackDemo" time="16.25"/>
  <testcase classname="com.JenkinsCICDTest.CICIDTesting" name="RefreshMethod" time="5.073"/>
</testsuite> <!-- Default test -->
