<?xml version="1.0" encoding="UTF-8"?>
<testng-results ignored="0" total="1" passed="1" failed="0" skipped="0">
  <reporter-output>
  </reporter-output>
  <suite started-at="2026-07-29T02:44:48 IST" name="Default suite" finished-at="2026-07-29T02:44:51 IST" duration-ms="3422">
    <groups>
    </groups>
    <test started-at="2026-07-29T02:44:48 IST" name="Default test" finished-at="2026-07-29T02:44:51 IST" duration-ms="3422">
      <class name="com.PostRequest.PutPostTest">
        <test-method is-config="true" signature="setup()[pri:0, instance:com.PostRequest.PutPostTest@b3ca52e]" started-at="2026-07-29T02:44:48 IST" name="setup" finished-at="2026-07-29T02:44:48 IST" duration-ms="490" status="PASS">
          <reporter-output>
          </reporter-output>
        </test-method> <!-- setup -->
        <test-method signature="testBDDApproachWithExtraction()[pri:0, instance:com.PostRequest.PutPostTest@b3ca52e]" started-at="2026-07-29T02:44:48 IST" name="testBDDApproachWithExtraction" finished-at="2026-07-29T02:44:51 IST" duration-ms="2876" status="PASS">
          <reporter-output>
          </reporter-output>
        </test-method> <!-- testBDDApproachWithExtraction -->
      </class> <!-- com.PostRequest.PutPostTest -->
    </test> <!-- Default test -->
  </suite> <!-- Default suite -->
</testng-results>
